<?xml version="1.0" encoding="UTF-8"?>
<!-- Generated by org.testng.reporters.JUnitReportReporter -->
<testsuite hostname="RaziyaShaikh" failures="0" tests="1" name="com.ts.testlayer.TestCountryMaster" time="100.415" errors="0" timestamp="2024-02-12T22:04:15 IST" skipped="0">
  <testcase classname="com.ts.testlayer.TestCountryMaster" name="addCountry" time="100.415"/>
  <system-out/>
</testsuite> <!-- com.ts.testlayer.TestCountryMaster -->
