<?xml version="1.0" encoding="UTF-8"?>
<!-- Generated by org.testng.reporters.JUnitReportReporter -->
<testsuite hostname="Amrieen" failures="0" tests="2" name="com.ts.testlayer.runCountryMaster" time="50.819" errors="0" timestamp="2024-01-18T16:20:10 IST" skipped="1">
  <testcase classname="com.ts.testlayer.runCountryMaster" name="TC_01" time="50.819"/>
  <testcase classname="com.ts.testlayer.runCountryMaster" name="TC_02">
    <skipped/>
  </testcase> <!-- TC_02 -->
</testsuite> <!-- com.ts.testlayer.runCountryMaster -->
